<?xml version="1.0" encoding="UTF-8"?>
<!-- Generated by org.testng.reporters.JUnitReportReporter -->
<testsuite hostname="LAPTOP-K9595GNR" failures="0" tests="3" name="Selenium.testcases.testCases" time="33.479" errors="2" timestamp="2024-09-12T11:22:12 IST" skipped="0">
  <testcase classname="Selenium.testcases.testCases" name="TC_01_Verify_AmazonApplicationIsLaunched" time="21.680">
    <system-out>
      <![CDATA[***********Element has been identified by locator: xpath ***********
***********Element has been identified by locator: //*[@id='nav-link-accountList'] ***********
User is on Amazon Home Page]]>
    </system-out>
  </testcase> <!-- TC_01_Verify_AmazonApplicationIsLaunched -->
  <testcase classname="Selenium.testcases.testCases" name="TC_02_Verify_UserShouldContinueOnSignUpPage" time="11.794">
    <error message="no such element: Unable to locate element: {&quot;method&quot;:&quot;xpath&quot;,&quot;selector&quot;:&quot;//*[@id=&#039;intention-submit-button&#039;]&quot;}
  (Session info: chrome=128.0.6613.137)
For documentation on this error, please visit: https://www.seleniumhq.org/exceptions/no_such_element.html
Build info: version: &#039;3.141.59&#039;, revision: &#039;e82be7d358&#039;, time: &#039;2018-11-14T08:17:03&#039;
System info: host: &#039;LAPTOP-K9595GNR&#039;, ip: &#039;172.29.40.132&#039;, os.name: &#039;Windows 10&#039;, os.arch: &#039;amd64&#039;, os.version: &#039;10.0&#039;, java.version: &#039;22.0.1&#039;
Driver info: org.openqa.selenium.chrome.ChromeDriver
Capabilities {acceptInsecureCerts: false, browserName: chrome, browserVersion: 128.0.6613.137, chrome: {chromedriverVersion: 127.0.6533.119 (bdef6783a05..., userDataDir: C:\Users\VGAYAK~1\AppData\L...}, fedcm:accounts: true, goog:chromeOptions: {debuggerAddress: localhost:54666}, javascriptEnabled: true, networkConnectionEnabled: false, pageLoadStrategy: normal, platform: WINDOWS, platformName: WINDOWS, proxy: Proxy(), setWindowRect: true, strictFileInteractability: false, timeouts: {implicit: 0, pageLoad: 300000, script: 30000}, unhandledPromptBehavior: dismiss and notify, webauthn:extension:credBlob: true, webauthn:extension:largeBlob: true, webauthn:extension:minPinLength: true, webauthn:extension:prf: true, webauthn:virtualAuthenticators: true}
Session ID: 1e00da1aebf1d0687b8a328cd0f124af
*** Element info: {Using=xpath, value=//*[@id=&#039;intention-submit-button&#039;]}" type="org.openqa.selenium.NoSuchElementException">
      <![CDATA[org.openqa.selenium.NoSuchElementException: no such element: Unable to locate element: {"method":"xpath","selector":"//*[@id='intention-submit-button']"}
  (Session info: chrome=128.0.6613.137)
For documentation on this error, please visit: https://www.seleniumhq.org/exceptions/no_such_element.html
Build info: version: '3.141.59', revision: 'e82be7d358', time: '2018-11-14T08:17:03'
System info: host: 'LAPTOP-K9595GNR', ip: '172.29.40.132', os.name: 'Windows 10', os.arch: 'amd64', os.version: '10.0', java.version: '22.0.1'
Driver info: org.openqa.selenium.chrome.ChromeDriver
Capabilities {acceptInsecureCerts: false, browserName: chrome, browserVersion: 128.0.6613.137, chrome: {chromedriverVersion: 127.0.6533.119 (bdef6783a05..., userDataDir: C:\Users\VGAYAK~1\AppData\L...}, fedcm:accounts: true, goog:chromeOptions: {debuggerAddress: localhost:54666}, javascriptEnabled: true, networkConnectionEnabled: false, pageLoadStrategy: normal, platform: WINDOWS, platformName: WINDOWS, proxy: Proxy(), setWindowRect: true, strictFileInteractability: false, timeouts: {implicit: 0, pageLoad: 300000, script: 30000}, unhandledPromptBehavior: dismiss and notify, webauthn:extension:credBlob: true, webauthn:extension:largeBlob: true, webauthn:extension:minPinLength: true, webauthn:extension:prf: true, webauthn:virtualAuthenticators: true}
Session ID: 1e00da1aebf1d0687b8a328cd0f124af
*** Element info: {Using=xpath, value=//*[@id='intention-submit-button']}
at java.base/jdk.internal.reflect.DirectConstructorHandleAccessor.newInstance(DirectConstructorHandleAccessor.java:62)
at java.base/java.lang.reflect.Constructor.newInstanceWithCaller(Constructor.java:502)
at java.base/java.lang.reflect.Constructor.newInstance(Constructor.java:486)
at org.openqa.selenium.remote.http.W3CHttpResponseCodec.createException(W3CHttpResponseCodec.java:187)
at org.openqa.selenium.remote.http.W3CHttpResponseCodec.decode(W3CHttpResponseCodec.java:122)
at org.openqa.selenium.remote.http.W3CHttpResponseCodec.decode(W3CHttpResponseCodec.java:49)
at org.openqa.selenium.remote.HttpCommandExecutor.execute(HttpCommandExecutor.java:158)
at org.openqa.selenium.remote.service.DriverCommandExecutor.execute(DriverCommandExecutor.java:83)
at org.openqa.selenium.remote.RemoteWebDriver.execute(RemoteWebDriver.java:552)
at org.openqa.selenium.remote.RemoteWebDriver.findElement(RemoteWebDriver.java:323)
at org.openqa.selenium.remote.RemoteWebDriver.findElementByXPath(RemoteWebDriver.java:428)
at org.openqa.selenium.By$ByXPath.findElement(By.java:353)
at org.openqa.selenium.remote.RemoteWebDriver.findElement(RemoteWebDriver.java:315)
at Selenium.drivers.seleniumDriver.findElement(seleniumDriver.java:83)
at Selenium.drivers.seleniumDriver.Click(seleniumDriver.java:124)
at Selenium.pages.login.login.click_ProceedToCreateAccountOnLoginPage(login.java:41)
at Selenium.pages.login.login.ClickSignInLinkAndContinueOnSignUpPage(login.java:53)
at Selenium.testcases.testCases.TC_02_Verify_UserShouldContinueOnSignUpPage(testCases.java:42)
at java.base/jdk.internal.reflect.DirectMethodHandleAccessor.invoke(DirectMethodHandleAccessor.java:103)
at java.base/java.lang.reflect.Method.invoke(Method.java:580)
at org.testng.internal.invokers.MethodInvocationHelper.invokeMethod(MethodInvocationHelper.java:141)
at org.testng.internal.invokers.TestInvoker.invokeMethod(TestInvoker.java:686)
at org.testng.internal.invokers.TestInvoker.invokeTestMethod(TestInvoker.java:230)
at org.testng.internal.invokers.MethodRunner.runInSequence(MethodRunner.java:63)
at org.testng.internal.invokers.TestInvoker$MethodInvocationAgent.invoke(TestInvoker.java:992)
at org.testng.internal.invokers.TestInvoker.invokeTestMethods(TestInvoker.java:203)
at org.testng.internal.invokers.TestMethodWorker.invokeTestMethods(TestMethodWorker.java:154)
at org.testng.internal.invokers.TestMethodWorker.run(TestMethodWorker.java:134)
at java.base/java.util.ArrayList.forEach(ArrayList.java:1597)
at org.testng.TestRunner.privateRun(TestRunner.java:739)
at org.testng.TestRunner.run(TestRunner.java:614)
at org.testng.SuiteRunner.runTest(SuiteRunner.java:421)
at org.testng.SuiteRunner.runSequentially(SuiteRunner.java:413)
at org.testng.SuiteRunner.privateRun(SuiteRunner.java:373)
at org.testng.SuiteRunner.run(SuiteRunner.java:312)
at org.testng.SuiteRunnerWorker.runSuite(SuiteRunnerWorker.java:52)
at org.testng.SuiteRunnerWorker.run(SuiteRunnerWorker.java:95)
at org.testng.TestNG.runSuitesSequentially(TestNG.java:1274)
at org.testng.TestNG.runSuitesLocally(TestNG.java:1208)
at org.testng.TestNG.runSuites(TestNG.java:1112)
at org.testng.TestNG.run(TestNG.java:1079)
at org.testng.remote.AbstractRemoteTestNG.run(AbstractRemoteTestNG.java:115)
at org.testng.remote.RemoteTestNG.initAndRun(RemoteTestNG.java:293)
at org.testng.remote.RemoteTestNG.main(RemoteTestNG.java:91)
]]>
    </error>
    <system-out>
      <![CDATA[***********Element has been identified by locator: xpath ***********
***********Element has been identified by locator: //*[@id='nav-link-accountList'] ***********
***********Element has been identified by locator: //*[@id='nav-link-accountList'] ***********
***********Element has been identified by locator: xpath ***********
***********Element has been identified by locator: //*[@class='nav-action-signin-button' and @data-nav-ref='nav_signin'] ***********
***********Element has been identified by locator: //*[@class='nav-action-signin-button' and @data-nav-ref='nav_signin'] ***********
***********Element has been identified by locator: xpath ***********
***********Element has been identified by locator: //*[@id='ap_email'] ***********
***********Element has been identified by locator: //*[@id='ap_email'] ***********
***********Element has been identified by locator: xpath ***********
***********Element has been identified by locator: //*[@id='continue' and @type='submit'] ***********
***********Element has been identified by locator: //*[@id='continue' and @type='submit'] ***********
***********Element has been identified by locator: xpath ***********]]>
    </system-out>
  </testcase> <!-- TC_02_Verify_UserShouldContinueOnSignUpPage -->
  <testcase classname="Selenium.testcases.testCases" name="TC_03_Verify_UserShouldContinueOnOTPPage" time="0.005">
    <error message="Unresolved compilation problems: 
	Type mismatch: cannot convert from void to String
	Type mismatch: cannot convert from void to String
	Type mismatch: cannot convert from void to String
" type="java.lang.Error">
      <![CDATA[java.lang.Error: Unresolved compilation problems: 
Type mismatch: cannot convert from void to String
Type mismatch: cannot convert from void to String
Type mismatch: cannot convert from void to String

at Selenium.testcases.testCases.TC_03_Verify_UserShouldContinueOnOTPPage(testCases.java:51)
at java.base/jdk.internal.reflect.DirectMethodHandleAccessor.invoke(DirectMethodHandleAccessor.java:103)
at java.base/java.lang.reflect.Method.invoke(Method.java:580)
at org.testng.internal.invokers.MethodInvocationHelper.invokeMethod(MethodInvocationHelper.java:141)
at org.testng.internal.invokers.TestInvoker.invokeMethod(TestInvoker.java:686)
at org.testng.internal.invokers.TestInvoker.invokeTestMethod(TestInvoker.java:230)
at org.testng.internal.invokers.MethodRunner.runInSequence(MethodRunner.java:63)
at org.testng.internal.invokers.TestInvoker$MethodInvocationAgent.invoke(TestInvoker.java:992)
at org.testng.internal.invokers.TestInvoker.invokeTestMethods(TestInvoker.java:203)
at org.testng.internal.invokers.TestMethodWorker.invokeTestMethods(TestMethodWorker.java:154)
at org.testng.internal.invokers.TestMethodWorker.run(TestMethodWorker.java:134)
at java.base/java.util.ArrayList.forEach(ArrayList.java:1597)
at org.testng.TestRunner.privateRun(TestRunner.java:739)
at org.testng.TestRunner.run(TestRunner.java:614)
at org.testng.SuiteRunner.runTest(SuiteRunner.java:421)
at org.testng.SuiteRunner.runSequentially(SuiteRunner.java:413)
at org.testng.SuiteRunner.privateRun(SuiteRunner.java:373)
at org.testng.SuiteRunner.run(SuiteRunner.java:312)
at org.testng.SuiteRunnerWorker.runSuite(SuiteRunnerWorker.java:52)
at org.testng.SuiteRunnerWorker.run(SuiteRunnerWorker.java:95)
at org.testng.TestNG.runSuitesSequentially(TestNG.java:1274)
at org.testng.TestNG.runSuitesLocally(TestNG.java:1208)
at org.testng.TestNG.runSuites(TestNG.java:1112)
at org.testng.TestNG.run(TestNG.java:1079)
at org.testng.remote.AbstractRemoteTestNG.run(AbstractRemoteTestNG.java:115)
at org.testng.remote.RemoteTestNG.initAndRun(RemoteTestNG.java:293)
at org.testng.remote.RemoteTestNG.main(RemoteTestNG.java:91)
]]>
    </error>
  </testcase> <!-- TC_03_Verify_UserShouldContinueOnOTPPage -->
  <system-out>
    <![CDATA[***********Element has been identified by locator: xpath ***********
***********Element has been identified by locator: //*[@id='nav-link-accountList'] ***********
User is on Amazon Home Page
***********Element has been identified by locator: xpath ***********
***********Element has been identified by locator: //*[@id='nav-link-accountList'] ***********
***********Element has been identified by locator: //*[@id='nav-link-accountList'] ***********
***********Element has been identified by locator: xpath ***********
***********Element has been identified by locator: //*[@class='nav-action-signin-button' and @data-nav-ref='nav_signin'] ***********
***********Element has been identified by locator: //*[@class='nav-action-signin-button' and @data-nav-ref='nav_signin'] ***********
***********Element has been identified by locator: xpath ***********
***********Element has been identified by locator: //*[@id='ap_email'] ***********
***********Element has been identified by locator: //*[@id='ap_email'] ***********
***********Element has been identified by locator: xpath ***********
***********Element has been identified by locator: //*[@id='continue' and @type='submit'] ***********
***********Element has been identified by locator: //*[@id='continue' and @type='submit'] ***********
***********Element has been identified by locator: xpath ***********]]>
  </system-out>
</testsuite> <!-- Selenium.testcases.testCases -->
